#! /usr/bin/vvp
:ivl_version "10.3 (stable)";
:ivl_delay_selection "TYPICAL";
:vpi_time_precision - 12;
:vpi_module "system";
:vpi_module "vhdl_sys";
:vpi_module "v2005_math";
:vpi_module "va_math";
S_0x55bc9844fbb0 .scope module, "Logic_tb" "Logic_tb" 2 74;
 .timescale -9 -12;
v0x55bc98498f80_0 .var/s "in1", 3 0;
v0x55bc98499060_0 .var/s "in2", 3 0;
v0x55bc98499100_0 .net/s "out", 3 0, v0x55bc98498d40_0;  1 drivers
v0x55bc984991a0_0 .var "sel", 3 0;
S_0x55bc9844eab0 .scope module, "log" "Logic" 2 79, 2 3 0, S_0x55bc9844fbb0;
 .timescale -9 -12;
    .port_info 0 /INPUT 4 "in1"
    .port_info 1 /INPUT 4 "in2"
    .port_info 2 /OUTPUT 4 "out"
    .port_info 3 /INPUT 4 "sel"
L_0x55bc98499270 .functor AND 4, v0x55bc98498f80_0, v0x55bc98499060_0, C4<1111>, C4<1111>;
L_0x55bc98499360 .functor OR 4, v0x55bc98498f80_0, v0x55bc98499060_0, C4<0000>, C4<0000>;
L_0x55bc984993d0 .functor XOR 4, v0x55bc98498f80_0, v0x55bc98499060_0, C4<0000>, C4<0000>;
L_0x55bc984997b0 .functor NOT 4, v0x55bc98498f80_0, C4<0000>, C4<0000>, C4<0000>;
v0x55bc9847c1a0_0 .net/s "in1", 3 0, v0x55bc98498f80_0;  1 drivers
v0x55bc98498530_0 .net/s "in2", 3 0, v0x55bc98499060_0;  1 drivers
v0x55bc98498610_0 .net "o1", 3 0, L_0x55bc98499270;  1 drivers
v0x55bc984986d0_0 .net "o2", 3 0, L_0x55bc98499360;  1 drivers
v0x55bc984987b0_0 .net "o3", 3 0, L_0x55bc984993d0;  1 drivers
v0x55bc984988e0_0 .net "o4", 3 0, L_0x55bc98499440;  1 drivers
v0x55bc984989c0_0 .net "o5", 3 0, L_0x55bc98499510;  1 drivers
v0x55bc98498aa0_0 .net "o6", 3 0, L_0x55bc984995e0;  1 drivers
v0x55bc98498b80_0 .net "o7", 3 0, L_0x55bc984996b0;  1 drivers
v0x55bc98498c60_0 .net "o8", 3 0, L_0x55bc984997b0;  1 drivers
v0x55bc98498d40_0 .var/s "out", 3 0;
v0x55bc98498e20_0 .net "sel", 3 0, v0x55bc984991a0_0;  1 drivers
E_0x55bc98473390 .event edge, v0x55bc98498530_0, v0x55bc98498e20_0, v0x55bc9847c1a0_0;
E_0x55bc984734c0/0 .event edge, v0x55bc98498e20_0, v0x55bc98498610_0, v0x55bc984986d0_0, v0x55bc984987b0_0;
E_0x55bc984734c0/1 .event edge, v0x55bc984988e0_0, v0x55bc984989c0_0, v0x55bc98498aa0_0, v0x55bc98498b80_0;
E_0x55bc984734c0/2 .event edge, v0x55bc98498c60_0;
E_0x55bc984734c0 .event/or E_0x55bc984734c0/0, E_0x55bc984734c0/1, E_0x55bc984734c0/2;
L_0x55bc98499440 .shift/rs 4, v0x55bc98498f80_0, v0x55bc98499060_0;
L_0x55bc98499510 .shift/l 4, v0x55bc98498f80_0, v0x55bc98499060_0;
L_0x55bc984995e0 .shift/r 4, v0x55bc98498f80_0, v0x55bc98499060_0;
L_0x55bc984996b0 .shift/l 4, v0x55bc98498f80_0, v0x55bc98499060_0;
    .scope S_0x55bc9844eab0;
T_0 ;
    %wait E_0x55bc984734c0;
    %load/vec4 v0x55bc98498e20_0;
    %dup/vec4;
    %pushi/vec4 0, 0, 4;
    %cmp/u;
    %jmp/1 T_0.0, 6;
    %dup/vec4;
    %pushi/vec4 1, 0, 4;
    %cmp/u;
    %jmp/1 T_0.1, 6;
    %dup/vec4;
    %pushi/vec4 2, 0, 4;
    %cmp/u;
    %jmp/1 T_0.2, 6;
    %dup/vec4;
    %pushi/vec4 3, 0, 4;
    %cmp/u;
    %jmp/1 T_0.3, 6;
    %dup/vec4;
    %pushi/vec4 4, 0, 4;
    %cmp/u;
    %jmp/1 T_0.4, 6;
    %dup/vec4;
    %pushi/vec4 5, 0, 4;
    %cmp/u;
    %jmp/1 T_0.5, 6;
    %dup/vec4;
    %pushi/vec4 6, 0, 4;
    %cmp/u;
    %jmp/1 T_0.6, 6;
    %dup/vec4;
    %pushi/vec4 7, 0, 4;
    %cmp/u;
    %jmp/1 T_0.7, 6;
    %jmp T_0.8;
T_0.0 ;
    %load/vec4 v0x55bc98498610_0;
    %store/vec4 v0x55bc98498d40_0, 0, 4;
    %jmp T_0.8;
T_0.1 ;
    %load/vec4 v0x55bc984986d0_0;
    %store/vec4 v0x55bc98498d40_0, 0, 4;
    %jmp T_0.8;
T_0.2 ;
    %load/vec4 v0x55bc984987b0_0;
    %store/vec4 v0x55bc98498d40_0, 0, 4;
    %jmp T_0.8;
T_0.3 ;
    %load/vec4 v0x55bc984988e0_0;
    %store/vec4 v0x55bc98498d40_0, 0, 4;
    %jmp T_0.8;
T_0.4 ;
    %load/vec4 v0x55bc984989c0_0;
    %store/vec4 v0x55bc98498d40_0, 0, 4;
    %jmp T_0.8;
T_0.5 ;
    %load/vec4 v0x55bc98498aa0_0;
    %store/vec4 v0x55bc98498d40_0, 0, 4;
    %jmp T_0.8;
T_0.6 ;
    %load/vec4 v0x55bc98498b80_0;
    %store/vec4 v0x55bc98498d40_0, 0, 4;
    %jmp T_0.8;
T_0.7 ;
    %load/vec4 v0x55bc98498c60_0;
    %store/vec4 v0x55bc98498d40_0, 0, 4;
    %jmp T_0.8;
T_0.8 ;
    %pop/vec4 1;
    %jmp T_0;
    .thread T_0, $push;
    .scope S_0x55bc9844eab0;
T_1 ;
    %wait E_0x55bc98473390;
    %load/vec4 v0x55bc98498530_0;
    %parti/s 2, 0, 2;
    %pushi/vec4 0, 0, 2;
    %cmp/e;
    %flag_get/vec4 4;
    %load/vec4 v0x55bc98498e20_0;
    %pushi/vec4 8, 0, 4;
    %cmp/e;
    %flag_get/vec4 4;
    %and;
    %flag_set/vec4 8;
    %jmp/0xz  T_1.0, 8;
    %load/vec4 v0x55bc9847c1a0_0;
    %store/vec4 v0x55bc98498d40_0, 0, 4;
    %jmp T_1.1;
T_1.0 ;
    %load/vec4 v0x55bc98498530_0;
    %parti/s 2, 0, 2;
    %pushi/vec4 1, 0, 2;
    %cmp/e;
    %flag_get/vec4 4;
    %load/vec4 v0x55bc98498e20_0;
    %pushi/vec4 8, 0, 4;
    %cmp/e;
    %flag_get/vec4 4;
    %and;
    %flag_set/vec4 8;
    %jmp/0xz  T_1.2, 8;
    %load/vec4 v0x55bc9847c1a0_0;
    %parti/s 1, 0, 2;
    %load/vec4 v0x55bc9847c1a0_0;
    %parti/s 3, 1, 2;
    %concat/vec4; draw_concat_vec4
    %store/vec4 v0x55bc98498d40_0, 0, 4;
    %jmp T_1.3;
T_1.2 ;
    %load/vec4 v0x55bc98498530_0;
    %parti/s 2, 0, 2;
    %pushi/vec4 2, 0, 2;
    %cmp/e;
    %flag_get/vec4 4;
    %load/vec4 v0x55bc98498e20_0;
    %pushi/vec4 8, 0, 4;
    %cmp/e;
    %flag_get/vec4 4;
    %and;
    %flag_set/vec4 8;
    %jmp/0xz  T_1.4, 8;
    %load/vec4 v0x55bc9847c1a0_0;
    %parti/s 2, 0, 2;
    %load/vec4 v0x55bc9847c1a0_0;
    %parti/s 2, 2, 3;
    %concat/vec4; draw_concat_vec4
    %store/vec4 v0x55bc98498d40_0, 0, 4;
    %jmp T_1.5;
T_1.4 ;
    %load/vec4 v0x55bc98498530_0;
    %parti/s 2, 0, 2;
    %pushi/vec4 3, 0, 2;
    %cmp/e;
    %flag_get/vec4 4;
    %load/vec4 v0x55bc98498e20_0;
    %pushi/vec4 8, 0, 4;
    %cmp/e;
    %flag_get/vec4 4;
    %and;
    %flag_set/vec4 8;
    %jmp/0xz  T_1.6, 8;
    %load/vec4 v0x55bc9847c1a0_0;
    %store/vec4 v0x55bc98498d40_0, 0, 4;
    %jmp T_1.7;
T_1.6 ;
    %load/vec4 v0x55bc98498530_0;
    %parti/s 2, 0, 2;
    %pushi/vec4 0, 0, 2;
    %cmp/e;
    %flag_get/vec4 4;
    %load/vec4 v0x55bc98498e20_0;
    %pushi/vec4 9, 0, 4;
    %cmp/e;
    %flag_get/vec4 4;
    %and;
    %flag_set/vec4 8;
    %jmp/0xz  T_1.8, 8;
    %load/vec4 v0x55bc9847c1a0_0;
    %store/vec4 v0x55bc98498d40_0, 0, 4;
    %jmp T_1.9;
T_1.8 ;
    %load/vec4 v0x55bc98498530_0;
    %parti/s 2, 0, 2;
    %pushi/vec4 1, 0, 2;
    %cmp/e;
    %flag_get/vec4 4;
    %load/vec4 v0x55bc98498e20_0;
    %pushi/vec4 9, 0, 4;
    %cmp/e;
    %flag_get/vec4 4;
    %and;
    %flag_set/vec4 8;
    %jmp/0xz  T_1.10, 8;
    %load/vec4 v0x55bc9847c1a0_0;
    %parti/s 3, 0, 2;
    %load/vec4 v0x55bc9847c1a0_0;
    %parti/s 1, 3, 3;
    %concat/vec4; draw_concat_vec4
    %store/vec4 v0x55bc98498d40_0, 0, 4;
    %jmp T_1.11;
T_1.10 ;
    %load/vec4 v0x55bc98498530_0;
    %parti/s 2, 0, 2;
    %pushi/vec4 2, 0, 2;
    %cmp/e;
    %flag_get/vec4 4;
    %load/vec4 v0x55bc98498e20_0;
    %pushi/vec4 9, 0, 4;
    %cmp/e;
    %flag_get/vec4 4;
    %and;
    %flag_set/vec4 8;
    %jmp/0xz  T_1.12, 8;
    %load/vec4 v0x55bc9847c1a0_0;
    %parti/s 2, 0, 2;
    %load/vec4 v0x55bc9847c1a0_0;
    %parti/s 2, 2, 3;
    %concat/vec4; draw_concat_vec4
    %store/vec4 v0x55bc98498d40_0, 0, 4;
    %jmp T_1.13;
T_1.12 ;
    %load/vec4 v0x55bc98498530_0;
    %parti/s 2, 0, 2;
    %pushi/vec4 3, 0, 2;
    %cmp/e;
    %flag_get/vec4 4;
    %load/vec4 v0x55bc98498e20_0;
    %pushi/vec4 9, 0, 4;
    %cmp/e;
    %flag_get/vec4 4;
    %and;
    %flag_set/vec4 8;
    %jmp/0xz  T_1.14, 8;
    %load/vec4 v0x55bc9847c1a0_0;
    %store/vec4 v0x55bc98498d40_0, 0, 4;
T_1.14 ;
T_1.13 ;
T_1.11 ;
T_1.9 ;
T_1.7 ;
T_1.5 ;
T_1.3 ;
T_1.1 ;
    %jmp T_1;
    .thread T_1, $push;
    .scope S_0x55bc9844fbb0;
T_2 ;
    %vpi_call 2 82 "$monitor", "time:%d in1:%b in2=%b out=%b sel=%b", $time, v0x55bc98498f80_0, v0x55bc98499060_0, v0x55bc98499100_0, v0x55bc984991a0_0 {0 0 0};
    %delay 0, 0;
    %pushi/vec4 7, 0, 4;
    %store/vec4 v0x55bc98498f80_0, 0, 4;
    %pushi/vec4 2, 0, 4;
    %store/vec4 v0x55bc98499060_0, 0, 4;
    %pushi/vec4 0, 0, 4;
    %store/vec4 v0x55bc984991a0_0, 0, 4;
    %delay 10000, 0;
    %pushi/vec4 1, 0, 4;
    %store/vec4 v0x55bc98498f80_0, 0, 4;
    %pushi/vec4 3, 0, 4;
    %store/vec4 v0x55bc98499060_0, 0, 4;
    %pushi/vec4 1, 0, 4;
    %store/vec4 v0x55bc984991a0_0, 0, 4;
    %delay 10000, 0;
    %pushi/vec4 5, 0, 4;
    %store/vec4 v0x55bc98498f80_0, 0, 4;
    %pushi/vec4 3, 0, 4;
    %store/vec4 v0x55bc98499060_0, 0, 4;
    %pushi/vec4 2, 0, 4;
    %store/vec4 v0x55bc984991a0_0, 0, 4;
    %delay 10000, 0;
    %pushi/vec4 12, 0, 4;
    %store/vec4 v0x55bc98498f80_0, 0, 4;
    %pushi/vec4 1, 0, 4;
    %store/vec4 v0x55bc98499060_0, 0, 4;
    %pushi/vec4 3, 0, 4;
    %store/vec4 v0x55bc984991a0_0, 0, 4;
    %delay 10000, 0;
    %pushi/vec4 5, 0, 4;
    %store/vec4 v0x55bc98498f80_0, 0, 4;
    %pushi/vec4 1, 0, 4;
    %store/vec4 v0x55bc98499060_0, 0, 4;
    %pushi/vec4 4, 0, 4;
    %store/vec4 v0x55bc984991a0_0, 0, 4;
    %delay 10000, 0;
    %pushi/vec4 12, 0, 4;
    %store/vec4 v0x55bc98498f80_0, 0, 4;
    %pushi/vec4 2, 0, 4;
    %store/vec4 v0x55bc98499060_0, 0, 4;
    %pushi/vec4 5, 0, 4;
    %store/vec4 v0x55bc984991a0_0, 0, 4;
    %delay 10000, 0;
    %pushi/vec4 5, 0, 4;
    %store/vec4 v0x55bc98498f80_0, 0, 4;
    %pushi/vec4 3, 0, 4;
    %store/vec4 v0x55bc98499060_0, 0, 4;
    %pushi/vec4 6, 0, 4;
    %store/vec4 v0x55bc984991a0_0, 0, 4;
    %delay 10000, 0;
    %pushi/vec4 5, 0, 4;
    %store/vec4 v0x55bc98498f80_0, 0, 4;
    %pushi/vec4 1, 0, 4;
    %store/vec4 v0x55bc98499060_0, 0, 4;
    %pushi/vec4 7, 0, 4;
    %store/vec4 v0x55bc984991a0_0, 0, 4;
    %delay 10000, 0;
    %pushi/vec4 7, 0, 4;
    %store/vec4 v0x55bc98498f80_0, 0, 4;
    %pushi/vec4 9, 0, 4;
    %store/vec4 v0x55bc98499060_0, 0, 4;
    %pushi/vec4 8, 0, 4;
    %store/vec4 v0x55bc984991a0_0, 0, 4;
    %delay 10000, 0;
    %pushi/vec4 7, 0, 4;
    %store/vec4 v0x55bc98498f80_0, 0, 4;
    %pushi/vec4 13, 0, 4;
    %store/vec4 v0x55bc98499060_0, 0, 4;
    %pushi/vec4 9, 0, 4;
    %store/vec4 v0x55bc984991a0_0, 0, 4;
    %end;
    .thread T_2;
# The file index is used to find the file name in the following table.
:file_names 3;
    "N/A";
    "<interactive>";
    "logic.v";
